"is_built_lib_postgresql" "true"
"built_lib_postgresql" "/home/david/Documents/School Work/Sophomore Year/ant206/icfp-2004/postgresql-ocaml-2.0.2/_build/lib/libpostgresql_stubs.a"
"built_lib_postgresql" "/home/david/Documents/School Work/Sophomore Year/ant206/icfp-2004/postgresql-ocaml-2.0.2/_build/lib/dllpostgresql_stubs.so"
"built_lib_postgresql" "/home/david/Documents/School Work/Sophomore Year/ant206/icfp-2004/postgresql-ocaml-2.0.2/_build/lib/postgresql.cma"
"built_lib_postgresql" "/home/david/Documents/School Work/Sophomore Year/ant206/icfp-2004/postgresql-ocaml-2.0.2/_build/lib/postgresql.cmxa"
"built_lib_postgresql" "/home/david/Documents/School Work/Sophomore Year/ant206/icfp-2004/postgresql-ocaml-2.0.2/_build/lib/postgresql.a"
"built_lib_postgresql" "/home/david/Documents/School Work/Sophomore Year/ant206/icfp-2004/postgresql-ocaml-2.0.2/_build/lib/postgresql.cmxs"
"built_lib_postgresql" "/home/david/Documents/School Work/Sophomore Year/ant206/icfp-2004/postgresql-ocaml-2.0.2/_build/lib/postgresql.cmi"
"built_lib_postgresql" "/home/david/Documents/School Work/Sophomore Year/ant206/icfp-2004/postgresql-ocaml-2.0.2/_build/lib/postgresql.cmx"
"is_built_exec_cursor" "true"
"built_exec_cursor" "/home/david/Documents/School Work/Sophomore Year/ant206/icfp-2004/postgresql-ocaml-2.0.2/_build/examples/cursor.native"
"is_built_exec_dump" "true"
"built_exec_dump" "/home/david/Documents/School Work/Sophomore Year/ant206/icfp-2004/postgresql-ocaml-2.0.2/_build/examples/dump.native"
"is_built_exec_populate" "true"
"built_exec_populate" "/home/david/Documents/School Work/Sophomore Year/ant206/icfp-2004/postgresql-ocaml-2.0.2/_build/examples/populate.native"
"is_built_exec_prompt" "true"
"built_exec_prompt" "/home/david/Documents/School Work/Sophomore Year/ant206/icfp-2004/postgresql-ocaml-2.0.2/_build/examples/prompt.native"
"is_built_exec_test_lo" "true"
"built_exec_test_lo" "/home/david/Documents/School Work/Sophomore Year/ant206/icfp-2004/postgresql-ocaml-2.0.2/_build/examples/test_lo.native"
"install-findlib" "postgresql"
